[debug] [2018-02-03T11:29:14.234Z] ----------------------------------------------------------------------
[debug] [2018-02-03T11:29:14.236Z] Command:       /Users/sergiorevilla/.nvm/versions/node/v8.9.1/bin/node /Users/sergiorevilla/.nvm/versions/node/v8.9.1/bin/firebase serve --only functions:dialogflowFirebaseFulfillment
[debug] [2018-02-03T11:29:14.237Z] CLI Version:   3.17.4
[debug] [2018-02-03T11:29:14.237Z] Platform:      darwin
[debug] [2018-02-03T11:29:14.237Z] Node Version:  v8.9.1
[debug] [2018-02-03T11:29:14.237Z] Time:          Sat Feb 03 2018 12:29:14 GMT+0100 (CET)
[debug] [2018-02-03T11:29:14.237Z] ----------------------------------------------------------------------
[debug] 
[debug] [2018-02-03T11:29:14.247Z] > command requires scopes: ["email","openid","https://www.googleapis.com/auth/cloudplatformprojects.readonly","https://www.googleapis.com/auth/firebase","https://www.googleapis.com/auth/cloud-platform"]
[debug] [2018-02-03T11:29:14.247Z] > authorizing via signed-in user
[debug] [2018-02-03T11:29:14.249Z] >>> HTTP REQUEST GET https://admin.firebase.com/v1/projects/hackaton-things  
  
 Sat Feb 03 2018 12:29:14 GMT+0100 (CET)
[debug] [2018-02-03T11:29:14.902Z] <<< HTTP RESPONSE 200
[debug] [2018-02-03T11:29:14.903Z] >>> HTTP REQUEST GET https://admin.firebase.com/v1/database/hackaton-things/tokens  
  
 Sat Feb 03 2018 12:29:14 GMT+0100 (CET)
[debug] [2018-02-03T11:29:20.409Z] <<< HTTP RESPONSE 500
[debug] [2018-02-03T11:29:20.410Z] <<< HTTP RESPONSE BODY
[error] 
[error] Error: HTTP Error: 500, An unknown error occurred. Please contact support.
[debug] [2018-02-03T11:29:20.413Z] Error Context: {
  "body": {
    "error": {
      "code": "UNKNOWN_ERROR",
      "message": "An unknown error occurred. Please contact support."
    }
  },
  "response": {
    "statusCode": 500,
    "body": {
      "error": {
        "code": "UNKNOWN_ERROR",
        "message": "An unknown error occurred. Please contact support."
      }
    },
    "headers": {
      "server": "nginx",
      "date": "Sat, 03 Feb 2018 11:29:20 GMT",
      "content-type": "application/json; charset=utf-8",
      "content-length": "97",
      "connection": "close",
      "x-content-type-options": "nosniff"
    },
    "request": {
      "uri": {
        "protocol": "https:",
        "slashes": true,
        "auth": null,
        "host": "admin.firebase.com",
        "port": 443,
        "hostname": "admin.firebase.com",
        "hash": null,
        "search": null,
        "query": null,
        "pathname": "/v1/database/hackaton-things/tokens",
        "path": "/v1/database/hackaton-things/tokens",
        "href": "https://admin.firebase.com/v1/database/hackaton-things/tokens"
      },
      "method": "GET"
    }
  }
}
